<?xml version="1.0" encoding="UTF-8"?>
<testsuite xmlns:xsi="http://www.w3.org/2001/XMLSchema-instance" xsi:noNamespaceSchemaLocation="https://maven.apache.org/surefire/maven-surefire-plugin/xsd/surefire-test-report.xsd" name="selenium.tests.CallbackTest" time="74.915" tests="2" errors="0" skipped="0" failures="0">
  <properties>
[...]
</properties>
  <testcase name="testElementFromShadowRoot" classname="selenium.tests.CallbackTest" time="32.594"/>
  <testcase name="testCssLocators" classname="selenium.tests.CallbackTest" time="29.784"/>
</testsuite>