<?xml version="1.0" encoding="UTF-8"?>
<testsuite xmlns:xsi="http://www.w3.org/2001/XMLSchema-instance" xsi:noNamespaceSchemaLocation="https://maven.apache.org/surefire/maven-surefire-plugin/xsd/surefire-test-report.xsd" name="selenoid.tests.MarkupTest" time="151.068" tests="6" errors="0" skipped="0" failures="0">
  <properties>
[...]
</properties>
  <testcase name="testSelectCheckboxes" classname="selenoid.tests.MarkupTest" time="26.546"/>
  <testcase name="testButtonClickWithFindElementPage" classname="selenoid.tests.MarkupTest" time="12.203"/>
  <testcase name="testButtonClickWithFindByAnnotationPage" classname="selenoid.tests.MarkupTest" time="12.422"/>
  <testcase name="testButtonClickWithId" classname="selenoid.tests.MarkupTest" time="5.164"/>
  <testcase name="testCheckboxesParentXpath" classname="selenoid.tests.MarkupTest" time="38.456"/>
  <testcase name="testButtonClickWithDisableHealing" classname="selenoid.tests.MarkupTest" time="47.291"/>
</testsuite>